<?xml version="1.0" encoding="UTF-8"?>
<testsuite name="HelloWorldTest" tests="1" skipped="0" failures="0" errors="0" timestamp="2022-06-29T12:42:47" hostname="sassyMac.local" time="0.03">
  <properties/>
  <testcase name="helloWorldTest" classname="HelloWorldTest" time="0.03"/>
  <system-out><![CDATA[]]></system-out>
  <system-err><![CDATA[]]></system-err>
</testsuite>
